<?xml version="1.0" encoding="UTF-8"?>
<testng-results ignored="0" total="1" passed="1" failed="0" skipped="0">
  <reporter-output>
  </reporter-output>
  <suite started-at="2026-03-27T12:28:48 IST" name="Default suite" finished-at="2026-03-27T12:29:13 IST" duration-ms="25092">
    <groups>
    </groups>
    <test started-at="2026-03-27T12:28:48 IST" name="Default test" finished-at="2026-03-27T12:29:13 IST" duration-ms="25092">
      <class name="com.practice.practice1.LoginAddCart">
        <test-method is-config="true" signature="launchingBrowser()[pri:0, instance:com.practice.practice1.LoginAddCart@7f552bd3]" started-at="2026-03-27T12:28:48 IST" name="launchingBrowser" finished-at="2026-03-27T12:29:11 IST" duration-ms="22744" status="PASS">
          <reporter-output>
          </reporter-output>
        </test-method> <!-- launchingBrowser -->
        <test-method signature="acts()[pri:0, instance:com.practice.practice1.LoginAddCart@7f552bd3]" started-at="2026-03-27T12:29:11 IST" name="acts" finished-at="2026-03-27T12:29:13 IST" duration-ms="2275" status="PASS">
          <reporter-output>
          </reporter-output>
        </test-method> <!-- acts -->
      </class> <!-- com.practice.practice1.LoginAddCart -->
    </test> <!-- Default test -->
  </suite> <!-- Default suite -->
</testng-results>
